<?xml version="1.0" encoding="utf-8"?><testsuites name="pytest tests"><testsuite name="pytest" errors="0" failures="0" skipped="0" tests="17" time="8.614" timestamp="2026-09-09T18:10:17.614405+00:00" hostname="agent-env-5cc64dc7-f5a2-4299-a83e-36a1f28e6b2f"><testcase classname="backend.tests.test_phase7_google_auth" name="test_google_session_no_header_returns_400" time="0.279" /><testcase classname="backend.tests.test_phase7_google_auth" name="test_google_session_invalid_header_returns_401" time="0.252" /><testcase classname="backend.tests.test_phase7_google_auth" name="test_google_session_endpoint_not_404" time="0.214" /><testcase classname="backend.tests.test_phase7_google_auth" name="test_password_login_still_works" time="0.435" /><testcase classname="backend.tests.test_phase7_google_auth" name="test_project_get_has_media_visible_and_tab_visibility" time="0.159" /><testcase classname="backend.tests.test_phase7_google_auth" name="test_media_visible_toggle_persists_and_restores" time="1.730" /><testcase classname="backend.tests.test_phase7_google_auth" name="test_tab_visibility_toggle_persists_and_restores" time="0.723" /><testcase classname="backend.tests.test_phase7_google_auth" name="test_hide_photoless_returns_count" time="0.169" /><testcase classname="backend.tests.test_phase7_google_auth" name="test_hide_photoless_requires_auth" time="0.179" /><testcase classname="backend.tests.test_phase6_tabvis_bulkhide_ml" name="test_get_project_has_tab_visibility_defaults" time="0.181" /><testcase classname="backend.tests.test_phase6_tabvis_bulkhide_ml" name="test_toggle_project_tab_visibility_design_off_then_restore" time="1.202" /><testcase classname="backend.tests.test_phase6_tabvis_bulkhide_ml" name="test_tab_visibility_update_requires_auth" time="0.187" /><testcase classname="backend.tests.test_phase6_tabvis_bulkhide_ml" name="test_hide_photoless_requires_auth" time="0.192" /><testcase classname="backend.tests.test_phase6_tabvis_bulkhide_ml" name="test_hide_photoless_with_temp_photoless_project" time="1.169" /><testcase classname="backend.tests.test_phase6_tabvis_bulkhide_ml" name="test_page_content_ml_persists" time="0.629" /><testcase classname="backend.tests.test_phase6_tabvis_bulkhide_ml" name="test_regression_media_visible_toggle" time="0.690" /><testcase classname="backend.tests.test_phase6_tabvis_bulkhide_ml" name="test_regression_nav_visibility_still_present" time="0.160" /></testsuite></testsuites>