<?xml version="1.0" encoding="utf-8"?><testsuites name="pytest tests"><testsuite name="pytest" errors="0" failures="2" skipped="1" tests="35" time="5.466" timestamp="2026-02-18T11:15:20.144749+00:00" hostname="agent-env-2c3f213e-69d7-47a2-8b6e-a7f30fcec47e"><testcase classname="backend.tests.test_septa_api.TestHealth" name="test_health_endpoint" time="0.339" /><testcase classname="backend.tests.test_septa_api.TestHealth" name="test_root_endpoint" time="0.108" /><testcase classname="backend.tests.test_septa_api.TestAdminAuth" name="test_admin_login_success" time="0.363" /><testcase classname="backend.tests.test_septa_api.TestAdminAuth" name="test_admin_login_wrong_password" time="0.341" /><testcase classname="backend.tests.test_septa_api.TestAdminAuth" name="test_admin_login_wrong_email" time="0.097" /><testcase classname="backend.tests.test_septa_api.TestAdminAuth" name="test_admin_me_authenticated" time="0.376" /><testcase classname="backend.tests.test_septa_api.TestAdminAuth" name="test_admin_me_unauthenticated" time="0.111" /><testcase classname="backend.tests.test_septa_api.TestProjects" name="test_get_projects_returns_6" time="0.097" /><testcase classname="backend.tests.test_septa_api.TestProjects" name="test_get_projects_filter_by_type" time="0.105" /><testcase classname="backend.tests.test_septa_api.TestProjects" name="test_get_projects_filter_by_project_status" time="0.103" /><testcase classname="backend.tests.test_septa_api.TestProjects" name="test_get_project_by_slug" time="0.102"><failure message="AssertionError: assert 'partner_stack' in {'approach_detail': 'We mapped a three-phase schedule aligned to school holidays and weekend windows. Structural work was sequenced to completed wings first, while fit-out of the new block proceeded in parallel. A dedicated site foreman managed daily handoff between academic staff and construction teams.', 'challenge': 'Phased delivery during active academic year with 1,200 enrolled students', 'challenge_detail': 'Construction had to proceed in strict phases to avoid disrupting ongoing academic sessions. Site access, noise controls, and dust management required daily coordination with school administration.', 'client_type': 'Educational Institution', ...}">backend/tests/test_septa_api.py:155: in test_get_project_by_slug
    assert "partner_stack" in data
E   AssertionError: assert 'partner_stack' in {'approach_detail': 'We mapped a three-phase schedule aligned to school holidays and weekend windows. Structural work was sequenced to completed wings first, while fit-out of the new block proceeded in parallel. A dedicated site foreman managed daily handoff between academic staff and construction teams.', 'challenge': 'Phased delivery during active academic year with 1,200 enrolled students', 'challenge_detail': 'Construction had to proceed in strict phases to avoid disrupting ongoing academic sessions. Site access, noise controls, and dust management required daily coordination with school administration.', 'client_type': 'Educational Institution', ...}</failure></testcase><testcase classname="backend.tests.test_septa_api.TestProjects" name="test_get_project_not_found" time="0.100" /><testcase classname="backend.tests.test_septa_api.TestProjects" name="test_project_has_bilingual_structure" time="0.100"><failure message="AssertionError: assert False&#10; +  where False = isinstance('St. Thomas School of Excellence', dict)">backend/tests/test_septa_api.py:167: in test_project_has_bilingual_structure
    assert isinstance(data["title"], dict)
E   AssertionError: assert False
E    +  where False = isinstance('St. Thomas School of Excellence', dict)</failure></testcase><testcase classname="backend.tests.test_septa_api.TestProjects" name="test_project_has_status_field" time="0.100" /><testcase classname="backend.tests.test_septa_api.TestPartners" name="test_get_partners_returns_13" time="0.110" /><testcase classname="backend.tests.test_septa_api.TestPartners" name="test_get_partners_filter_by_category" time="0.102" /><testcase classname="backend.tests.test_septa_api.TestPartners" name="test_get_partners_filter_by_featured" time="0.108" /><testcase classname="backend.tests.test_septa_api.TestPartners" name="test_get_partner_by_slug" time="0.103" /><testcase classname="backend.tests.test_septa_api.TestPartners" name="test_get_partner_not_found" time="0.106" /><testcase classname="backend.tests.test_septa_api.TestPartners" name="test_partner_has_bilingual_structure" time="0.108" /><testcase classname="backend.tests.test_septa_api.TestCategories" name="test_get_partner_categories" time="0.101" /><testcase classname="backend.tests.test_septa_api.TestCategories" name="test_get_project_categories" time="0.099" /><testcase classname="backend.tests.test_septa_api.TestLeads" name="test_create_lead_success" time="0.104" /><testcase classname="backend.tests.test_septa_api.TestLeads" name="test_create_lead_minimal" time="0.103" /><testcase classname="backend.tests.test_septa_api.TestLeads" name="test_create_lead_validation_name" time="0.094" /><testcase classname="backend.tests.test_septa_api.TestLeads" name="test_create_lead_validation_phone" time="0.107" /><testcase classname="backend.tests.test_septa_api.TestLeads" name="test_honeypot_protection" time="0.099" /><testcase classname="backend.tests.test_septa_api.TestLeads" name="test_get_leads_requires_auth" time="0.112" /><testcase classname="backend.tests.test_septa_api.TestLeads" name="test_get_leads_authenticated" time="0.380" /><testcase classname="backend.tests.test_septa_api.TestTestimonials" name="test_get_testimonials_returns_3" time="0.115" /><testcase classname="backend.tests.test_septa_api.TestTestimonials" name="test_testimonial_structure" time="0.100" /><testcase classname="backend.tests.test_septa_api.TestExport" name="test_export_requires_auth" time="0.098" /><testcase classname="backend.tests.test_septa_api.TestExport" name="test_export_content_authenticated" time="0.399" /><testcase classname="backend.tests.test_septa_api.TestAuditLogs" name="test_audit_logs_requires_auth" time="0.152" /><testcase classname="backend.tests.test_septa_api.TestAuditLogs" name="test_audit_logs_authenticated" time="0.178"><skipped type="pytest.skip" message="Admin authentication failed">/app/backend/tests/test_septa_api.py:390: Admin authentication failed</skipped></testcase></testsuite></testsuites>