<?xml version="1.0" encoding="utf-8"?><testsuites name="pytest tests"><testsuite name="pytest" errors="0" failures="0" skipped="0" tests="6" time="2.764" timestamp="2026-09-09T15:49:22.752213+00:00" hostname="agent-env-5cc64dc7-f5a2-4299-a83e-36a1f28e6b2f"><testcase classname="backend.tests.test_phase5_navvis_mediavis" name="test_get_settings_has_nav_visibility" time="0.247" /><testcase classname="backend.tests.test_phase5_navvis_mediavis" name="test_toggle_nav_visibility_ecosystem_off_then_on" time="1.260" /><testcase classname="backend.tests.test_phase5_navvis_mediavis" name="test_put_settings_requires_auth" time="0.152" /><testcase classname="backend.tests.test_phase5_navvis_mediavis" name="test_project_has_media_visible_field" time="0.148" /><testcase classname="backend.tests.test_phase5_navvis_mediavis" name="test_toggle_project_media_visible" time="0.709" /><testcase classname="backend.tests.test_phase5_navvis_mediavis" name="test_project_update_media_visible_requires_auth" time="0.197" /></testsuite></testsuites>