<?xml version="1.0" encoding="utf-8"?><testsuites name="pytest tests"><testsuite name="pytest" errors="0" failures="0" skipped="0" tests="8" time="4.699" timestamp="2026-09-09T16:05:18.493062+00:00" hostname="agent-env-5cc64dc7-f5a2-4299-a83e-36a1f28e6b2f"><testcase classname="backend.tests.test_phase6_tabvis_bulkhide_ml" name="test_get_project_has_tab_visibility_defaults" time="0.607" /><testcase classname="backend.tests.test_phase6_tabvis_bulkhide_ml" name="test_toggle_project_tab_visibility_design_off_then_restore" time="1.292" /><testcase classname="backend.tests.test_phase6_tabvis_bulkhide_ml" name="test_tab_visibility_update_requires_auth" time="0.152" /><testcase classname="backend.tests.test_phase6_tabvis_bulkhide_ml" name="test_hide_photoless_requires_auth" time="0.167" /><testcase classname="backend.tests.test_phase6_tabvis_bulkhide_ml" name="test_hide_photoless_with_temp_photoless_project" time="1.039" /><testcase classname="backend.tests.test_phase6_tabvis_bulkhide_ml" name="test_page_content_ml_persists" time="0.636" /><testcase classname="backend.tests.test_phase6_tabvis_bulkhide_ml" name="test_regression_media_visible_toggle" time="0.600" /><testcase classname="backend.tests.test_phase6_tabvis_bulkhide_ml" name="test_regression_nav_visibility_still_present" time="0.147" /></testsuite></testsuites>