<?xml version="1.0" encoding="utf-8"?><testsuites name="pytest tests"><testsuite name="pytest" errors="7" failures="45" skipped="3" tests="112" time="17.190" timestamp="2026-09-09T16:22:43.279043+00:00" hostname="agent-env-5cc64dc7-f5a2-4299-a83e-36a1f28e6b2f"><testcase classname="backend.tests.test_phase2_features.TestHealthAndBasics" name="test_health_endpoint" time="0.001"><failure message="requests.exceptions.MissingSchema: Invalid URL '/api/health': No scheme supplied. Perhaps you meant https:///api/health?">E   requests.exceptions.MissingSchema: Invalid URL '/api/health': No scheme supplied. Perhaps you meant https:///api/health?</failure></testcase><testcase classname="backend.tests.test_phase2_features.TestHealthAndBasics" name="test_root_endpoint" time="0.000"><failure message="requests.exceptions.MissingSchema: Invalid URL '/api/': No scheme supplied. Perhaps you meant https:///api/?">E   requests.exceptions.MissingSchema: Invalid URL '/api/': No scheme supplied. Perhaps you meant https:///api/?</failure></testcase><testcase classname="backend.tests.test_phase2_features.TestSolutionPacks" name="test_get_solution_packs" time="0.000"><failure message="requests.exceptions.MissingSchema: Invalid URL '/api/solution-packs': No scheme supplied. Perhaps you meant https:///api/solution-packs?">E   requests.exceptions.MissingSchema: Invalid URL '/api/solution-packs': No scheme supplied. Perhaps you meant https:///api/solution-packs?</failure></testcase><testcase classname="backend.tests.test_phase2_features.TestSolutionPacks" name="test_solution_pack_structure" time="0.000"><failure message="requests.exceptions.MissingSchema: Invalid URL '/api/solution-packs': No scheme supplied. Perhaps you meant https:///api/solution-packs?">E   requests.exceptions.MissingSchema: Invalid URL '/api/solution-packs': No scheme supplied. Perhaps you meant https:///api/solution-packs?</failure></testcase><testcase classname="backend.tests.test_phase2_features.TestSolutionPacks" name="test_premium_home_pack" time="0.000"><failure message="requests.exceptions.MissingSchema: Invalid URL '/api/solution-packs/premium-home': No scheme supplied. Perhaps you meant https:///api/solution-packs/premium-home?">E   requests.exceptions.MissingSchema: Invalid URL '/api/solution-packs/premium-home': No scheme supplied. Perhaps you meant https:///api/solution-packs/premium-home?</failure></testcase><testcase classname="backend.tests.test_phase2_features.TestSolutionPacks" name="test_retail_launch_pack" time="0.000"><failure message="requests.exceptions.MissingSchema: Invalid URL '/api/solution-packs/retail-launch': No scheme supplied. Perhaps you meant https:///api/solution-packs/retail-launch?">E   requests.exceptions.MissingSchema: Invalid URL '/api/solution-packs/retail-launch': No scheme supplied. Perhaps you meant https:///api/solution-packs/retail-launch?</failure></testcase><testcase classname="backend.tests.test_phase2_features.TestSolutionPacks" name="test_institutional_excellence_pack" time="0.000"><failure message="requests.exceptions.MissingSchema: Invalid URL '/api/solution-packs/institutional-excellence': No scheme supplied. Perhaps you meant https:///api/solution-packs/institutional-excellence?">E   requests.exceptions.MissingSchema: Invalid URL '/api/solution-packs/institutional-excellence': No scheme supplied. Perhaps you meant https:///api/solution-packs/institutional-excellence?</failure></testcase><testcase classname="backend.tests.test_phase2_features.TestSolutionPacks" name="test_nonexistent_pack_returns_404" time="0.000"><failure message="requests.exceptions.MissingSchema: Invalid URL '/api/solution-packs/nonexistent-pack': No scheme supplied. Perhaps you meant https:///api/solution-packs/nonexistent-pack?">E   requests.exceptions.MissingSchema: Invalid URL '/api/solution-packs/nonexistent-pack': No scheme supplied. Perhaps you meant https:///api/solution-packs/nonexistent-pack?</failure></testcase><testcase classname="backend.tests.test_phase2_features.TestPartnerCategories" name="test_get_partner_categories" time="0.000"><failure message="requests.exceptions.MissingSchema: Invalid URL '/api/categories/partners': No scheme supplied. Perhaps you meant https:///api/categories/partners?">E   requests.exceptions.MissingSchema: Invalid URL '/api/categories/partners': No scheme supplied. Perhaps you meant https:///api/categories/partners?</failure></testcase><testcase classname="backend.tests.test_phase2_features.TestPartnerCategories" name="test_new_categories_present" time="0.000"><failure message="requests.exceptions.MissingSchema: Invalid URL '/api/categories/partners': No scheme supplied. Perhaps you meant https:///api/categories/partners?">E   requests.exceptions.MissingSchema: Invalid URL '/api/categories/partners': No scheme supplied. Perhaps you meant https:///api/categories/partners?</failure></testcase><testcase classname="backend.tests.test_phase2_features.TestPartnerCategories" name="test_all_expected_categories" time="0.000"><failure message="requests.exceptions.MissingSchema: Invalid URL '/api/categories/partners': No scheme supplied. Perhaps you meant https:///api/categories/partners?">E   requests.exceptions.MissingSchema: Invalid URL '/api/categories/partners': No scheme supplied. Perhaps you meant https:///api/categories/partners?</failure></testcase><testcase classname="backend.tests.test_phase2_features.TestAdminEndpoints" name="test_admin_login" time="0.000"><failure message="requests.exceptions.MissingSchema: Invalid URL '/api/admin/login': No scheme supplied. Perhaps you meant https:///api/admin/login?">E   requests.exceptions.MissingSchema: Invalid URL '/api/admin/login': No scheme supplied. Perhaps you meant https:///api/admin/login?</failure></testcase><testcase classname="backend.tests.test_phase2_features.TestAdminEndpoints" name="test_email_logs_endpoint" time="0.000"><error message="failed on setup with &quot;requests.exceptions.MissingSchema: Invalid URL '/api/admin/login': No scheme supplied. Perhaps you meant https:///api/admin/login?&quot;">E   requests.exceptions.MissingSchema: Invalid URL '/api/admin/login': No scheme supplied. Perhaps you meant https:///api/admin/login?</error></testcase><testcase classname="backend.tests.test_phase2_features.TestAdminEndpoints" name="test_email_logs_requires_auth" time="0.000"><failure message="requests.exceptions.MissingSchema: Invalid URL '/api/email-logs': No scheme supplied. Perhaps you meant https:///api/email-logs?">E   requests.exceptions.MissingSchema: Invalid URL '/api/email-logs': No scheme supplied. Perhaps you meant https:///api/email-logs?</failure></testcase><testcase classname="backend.tests.test_phase2_features.TestAdminEndpoints" name="test_storage_status_endpoint" time="0.000"><error message="failed on setup with &quot;requests.exceptions.MissingSchema: Invalid URL '/api/admin/login': No scheme supplied. Perhaps you meant https:///api/admin/login?&quot;">E   requests.exceptions.MissingSchema: Invalid URL '/api/admin/login': No scheme supplied. Perhaps you meant https:///api/admin/login?</error></testcase><testcase classname="backend.tests.test_phase2_features.TestAdminEndpoints" name="test_storage_status_requires_auth" time="0.000"><failure message="requests.exceptions.MissingSchema: Invalid URL '/api/storage/status': No scheme supplied. Perhaps you meant https:///api/storage/status?">E   requests.exceptions.MissingSchema: Invalid URL '/api/storage/status': No scheme supplied. Perhaps you meant https:///api/storage/status?</failure></testcase><testcase classname="backend.tests.test_phase2_features.TestLeadCreation" name="test_create_lead" time="0.000"><failure message="requests.exceptions.MissingSchema: Invalid URL '/api/leads': No scheme supplied. Perhaps you meant https:///api/leads?">E   requests.exceptions.MissingSchema: Invalid URL '/api/leads': No scheme supplied. Perhaps you meant https:///api/leads?</failure></testcase><testcase classname="backend.tests.test_phase2_features.TestLeadCreation" name="test_lead_validation_name_required" time="0.000"><failure message="requests.exceptions.MissingSchema: Invalid URL '/api/leads': No scheme supplied. Perhaps you meant https:///api/leads?">E   requests.exceptions.MissingSchema: Invalid URL '/api/leads': No scheme supplied. Perhaps you meant https:///api/leads?</failure></testcase><testcase classname="backend.tests.test_phase2_features.TestLeadCreation" name="test_lead_validation_phone_required" time="0.000"><failure message="requests.exceptions.MissingSchema: Invalid URL '/api/leads': No scheme supplied. Perhaps you meant https:///api/leads?">E   requests.exceptions.MissingSchema: Invalid URL '/api/leads': No scheme supplied. Perhaps you meant https:///api/leads?</failure></testcase><testcase classname="backend.tests.test_phase2_features.TestPartnersAPI" name="test_get_partners" time="0.000"><failure message="requests.exceptions.MissingSchema: Invalid URL '/api/partners': No scheme supplied. Perhaps you meant https:///api/partners?">E   requests.exceptions.MissingSchema: Invalid URL '/api/partners': No scheme supplied. Perhaps you meant https:///api/partners?</failure></testcase><testcase classname="backend.tests.test_phase2_features.TestPartnersAPI" name="test_partner_has_bilingual_fields" time="0.000"><failure message="requests.exceptions.MissingSchema: Invalid URL '/api/partners': No scheme supplied. Perhaps you meant https:///api/partners?">E   requests.exceptions.MissingSchema: Invalid URL '/api/partners': No scheme supplied. Perhaps you meant https:///api/partners?</failure></testcase><testcase classname="backend.tests.test_phase2_features.TestProjectsAPI" name="test_get_projects" time="0.000"><failure message="requests.exceptions.MissingSchema: Invalid URL '/api/projects': No scheme supplied. Perhaps you meant https:///api/projects?">E   requests.exceptions.MissingSchema: Invalid URL '/api/projects': No scheme supplied. Perhaps you meant https:///api/projects?</failure></testcase><testcase classname="backend.tests.test_phase2_features.TestProjectsAPI" name="test_project_categories" time="0.000"><failure message="requests.exceptions.MissingSchema: Invalid URL '/api/categories/projects': No scheme supplied. Perhaps you meant https:///api/categories/projects?">E   requests.exceptions.MissingSchema: Invalid URL '/api/categories/projects': No scheme supplied. Perhaps you meant https:///api/categories/projects?</failure></testcase><testcase classname="backend.tests.test_phase3_features.TestBasicAPIs" name="test_api_health" time="0.176" /><testcase classname="backend.tests.test_phase3_features.TestBasicAPIs" name="test_get_projects" time="0.127" /><testcase classname="backend.tests.test_phase3_features.TestBasicAPIs" name="test_get_partners" time="0.172" /><testcase classname="backend.tests.test_phase3_features.TestProjectCaseStudyData" name="test_project_by_slug" time="0.213" /><testcase classname="backend.tests.test_phase3_features.TestProjectCaseStudyData" name="test_project_has_gallery_for_media_tab" time="0.126" /><testcase classname="backend.tests.test_phase3_features.TestProjectCaseStudyData" name="test_project_structure_for_tabs" time="0.153" /><testcase classname="backend.tests.test_phase3_features.TestAdminAuth" name="test_admin_login_success" time="0.426" /><testcase classname="backend.tests.test_phase3_features.TestAdminAuth" name="test_admin_login_invalid_credentials" time="0.367" /><testcase classname="backend.tests.test_phase3_features.TestAdminProjectsCRUD" name="test_get_all_projects_admin" time="0.531" /><testcase classname="backend.tests.test_phase3_features.TestAdminProjectsCRUD" name="test_get_leads_admin" time="0.543"><failure message="AssertionError: assert False&#10; +  where False = isinstance({'leads': [{'admin_notified': False, 'budget_range': '₹1Cr - ₹3 Crore', 'created_at': '2026-02-18T10:59:55.488320+00:00', 'email': 'test@example.com', ...}, {'budget_range': '', 'created_at': '2026-02-18T03:15:44.416245+00:00', 'email': 'test@example.com', 'honeypot': '', ...}, {'budget_range': '', 'created_at': '2026-02-18T03:15:24.486208+00:00', 'email': '', 'honeypot': '', ...}], 'limit': 50, 'skip': 0, 'total': 3}, list)">E   AssertionError: assert False
     +  where False = isinstance({'leads': [{'admin_notified': False, 'budget_range': '₹1Cr - ₹3 Crore', 'created_at': '2026-02-18T10:59:55.488320+00:00', 'email': 'test@example.com', ...}, {'budget_range': '', 'created_at': '2026-02-18T03:15:44.416245+00:00', 'email': 'test@example.com', 'honeypot': '', ...}, {'budget_range': '', 'created_at': '2026-02-18T03:15:24.486208+00:00', 'email': '', 'honeypot': '', ...}], 'limit': 50, 'skip': 0, 'total': 3}, list)</failure></testcase><testcase classname="backend.tests.test_phase3_features.TestAdminPartnersCRUD" name="test_get_all_partners_admin" time="0.567" /><testcase classname="backend.tests.test_phase3_features.TestExportAndSettings" name="test_export_content" time="0.498"><failure message="assert 404 == 200&#10; +  where 404 = &lt;Response [404]&gt;.status_code">E   assert 404 == 200
     +  where 404 = &lt;Response [404]&gt;.status_code</failure></testcase><testcase classname="backend.tests.test_phase3_features.TestSolutionPacks" name="test_get_solution_packs" time="0.147" /><testcase classname="backend.tests.test_phase3_features.TestPartnerCategories" name="test_get_partner_categories" time="0.136" /><testcase classname="backend.tests.test_phase3_features.TestContactForm" name="test_create_lead" time="0.127" /><testcase classname="backend.tests.test_phase3_features.TestBilingualData" name="test_partner_bilingual_name" time="0.129" /><testcase classname="backend.tests.test_phase4_features.TestHealthAndBasics" name="test_health_endpoint" time="0.000"><failure message="requests.exceptions.MissingSchema: Invalid URL '/api/health': No scheme supplied. Perhaps you meant https:///api/health?">E   requests.exceptions.MissingSchema: Invalid URL '/api/health': No scheme supplied. Perhaps you meant https:///api/health?</failure></testcase><testcase classname="backend.tests.test_phase4_features.TestHealthAndBasics" name="test_api_root" time="0.001"><failure message="requests.exceptions.MissingSchema: Invalid URL '/api/': No scheme supplied. Perhaps you meant https:///api/?">E   requests.exceptions.MissingSchema: Invalid URL '/api/': No scheme supplied. Perhaps you meant https:///api/?</failure></testcase><testcase classname="backend.tests.test_phase4_features.TestSiteSettings" name="test_get_settings_returns_all_fields" time="0.000"><failure message="requests.exceptions.MissingSchema: Invalid URL '/api/settings': No scheme supplied. Perhaps you meant https:///api/settings?">E   requests.exceptions.MissingSchema: Invalid URL '/api/settings': No scheme supplied. Perhaps you meant https:///api/settings?</failure></testcase><testcase classname="backend.tests.test_phase4_features.TestPageContent" name="test_get_about_page_content" time="0.000"><failure message="requests.exceptions.MissingSchema: Invalid URL '/api/pages/about': No scheme supplied. Perhaps you meant https:///api/pages/about?">E   requests.exceptions.MissingSchema: Invalid URL '/api/pages/about': No scheme supplied. Perhaps you meant https:///api/pages/about?</failure></testcase><testcase classname="backend.tests.test_phase4_features.TestPageContent" name="test_get_services_page_content" time="0.000"><failure message="requests.exceptions.MissingSchema: Invalid URL '/api/pages/services': No scheme supplied. Perhaps you meant https:///api/pages/services?">E   requests.exceptions.MissingSchema: Invalid URL '/api/pages/services': No scheme supplied. Perhaps you meant https:///api/pages/services?</failure></testcase><testcase classname="backend.tests.test_phase4_features.TestAdminAuth" name="test_admin_login_success" time="0.000"><failure message="requests.exceptions.MissingSchema: Invalid URL '/api/admin/login': No scheme supplied. Perhaps you meant https:///api/admin/login?">E   requests.exceptions.MissingSchema: Invalid URL '/api/admin/login': No scheme supplied. Perhaps you meant https:///api/admin/login?</failure></testcase><testcase classname="backend.tests.test_phase4_features.TestAdminAuth" name="test_admin_login_failure" time="0.000"><failure message="requests.exceptions.MissingSchema: Invalid URL '/api/admin/login': No scheme supplied. Perhaps you meant https:///api/admin/login?">E   requests.exceptions.MissingSchema: Invalid URL '/api/admin/login': No scheme supplied. Perhaps you meant https:///api/admin/login?</failure></testcase><testcase classname="backend.tests.test_phase4_features.TestSettingsUpdate" name="test_update_settings_requires_auth" time="0.000"><failure message="requests.exceptions.MissingSchema: Invalid URL '/api/settings': No scheme supplied. Perhaps you meant https:///api/settings?">E   requests.exceptions.MissingSchema: Invalid URL '/api/settings': No scheme supplied. Perhaps you meant https:///api/settings?</failure></testcase><testcase classname="backend.tests.test_phase4_features.TestSettingsUpdate" name="test_update_settings_with_auth" time="0.002"><error message="failed on setup with &quot;requests.exceptions.MissingSchema: Invalid URL '/api/admin/login': No scheme supplied. Perhaps you meant https:///api/admin/login?&quot;">E   requests.exceptions.MissingSchema: Invalid URL '/api/admin/login': No scheme supplied. Perhaps you meant https:///api/admin/login?</error></testcase><testcase classname="backend.tests.test_phase4_features.TestPartners" name="test_get_partners_list" time="0.000"><failure message="requests.exceptions.MissingSchema: Invalid URL '/api/partners': No scheme supplied. Perhaps you meant https:///api/partners?">E   requests.exceptions.MissingSchema: Invalid URL '/api/partners': No scheme supplied. Perhaps you meant https:///api/partners?</failure></testcase><testcase classname="backend.tests.test_phase4_features.TestPartners" name="test_get_partner_by_slug" time="0.000"><failure message="requests.exceptions.MissingSchema: Invalid URL '/api/partners': No scheme supplied. Perhaps you meant https:///api/partners?">E   requests.exceptions.MissingSchema: Invalid URL '/api/partners': No scheme supplied. Perhaps you meant https:///api/partners?</failure></testcase><testcase classname="backend.tests.test_phase4_features.TestPartners" name="test_partner_not_found" time="0.007"><failure message="requests.exceptions.MissingSchema: Invalid URL '/api/partners/non-existent-partner-slug-xyz': No scheme supplied. Perhaps you meant https:///api/partners/non-existent-partner-slug-xyz?">E   requests.exceptions.MissingSchema: Invalid URL '/api/partners/non-existent-partner-slug-xyz': No scheme supplied. Perhaps you meant https:///api/partners/non-existent-partner-slug-xyz?</failure></testcase><testcase classname="backend.tests.test_phase4_features.TestLeads" name="test_create_lead_with_new_fields" time="0.000"><failure message="requests.exceptions.MissingSchema: Invalid URL '/api/leads': No scheme supplied. Perhaps you meant https:///api/leads?">E   requests.exceptions.MissingSchema: Invalid URL '/api/leads': No scheme supplied. Perhaps you meant https:///api/leads?</failure></testcase><testcase classname="backend.tests.test_phase4_features.TestLeads" name="test_lead_honeypot_rejection" time="0.000"><failure message="requests.exceptions.MissingSchema: Invalid URL '/api/leads': No scheme supplied. Perhaps you meant https:///api/leads?">E   requests.exceptions.MissingSchema: Invalid URL '/api/leads': No scheme supplied. Perhaps you meant https:///api/leads?</failure></testcase><testcase classname="backend.tests.test_phase4_features.TestLeads" name="test_lead_rate_limiting" time="0.000" /><testcase classname="backend.tests.test_phase4_features.TestPartnerCategories" name="test_get_partner_categories" time="0.000"><failure message="requests.exceptions.MissingSchema: Invalid URL '/api/categories/partners': No scheme supplied. Perhaps you meant https:///api/categories/partners?">E   requests.exceptions.MissingSchema: Invalid URL '/api/categories/partners': No scheme supplied. Perhaps you meant https:///api/categories/partners?</failure></testcase><testcase classname="backend.tests.test_phase4_features.TestPartnerCategories" name="test_filter_partners_by_category" time="0.000"><failure message="requests.exceptions.MissingSchema: Invalid URL '/api/partners?category=Architecture%20%26%20Design': No scheme supplied. Perhaps you meant https:///api/partners?category=Architecture%20%26%20Design?">E   requests.exceptions.MissingSchema: Invalid URL '/api/partners?category=Architecture%20%26%20Design': No scheme supplied. Perhaps you meant https:///api/partners?category=Architecture%20%26%20Design?</failure></testcase><testcase classname="backend.tests.test_phase4_features.TestAdminEndpoints" name="test_get_leads_admin" time="0.000"><error message="failed on setup with &quot;requests.exceptions.MissingSchema: Invalid URL '/api/admin/login': No scheme supplied. Perhaps you meant https:///api/admin/login?&quot;">E   requests.exceptions.MissingSchema: Invalid URL '/api/admin/login': No scheme supplied. Perhaps you meant https:///api/admin/login?</error></testcase><testcase classname="backend.tests.test_phase4_features.TestAdminEndpoints" name="test_get_audit_logs" time="0.000"><error message="failed on setup with &quot;requests.exceptions.MissingSchema: Invalid URL '/api/admin/login': No scheme supplied. Perhaps you meant https:///api/admin/login?&quot;">E   requests.exceptions.MissingSchema: Invalid URL '/api/admin/login': No scheme supplied. Perhaps you meant https:///api/admin/login?</error></testcase><testcase classname="backend.tests.test_phase4_features.TestAdminEndpoints" name="test_export_content" time="0.000"><error message="failed on setup with &quot;requests.exceptions.MissingSchema: Invalid URL '/api/admin/login': No scheme supplied. Perhaps you meant https:///api/admin/login?&quot;">E   requests.exceptions.MissingSchema: Invalid URL '/api/admin/login': No scheme supplied. Perhaps you meant https:///api/admin/login?</error></testcase><testcase classname="backend.tests.test_phase4_features.TestLanguageMode" name="test_english_only_mode" time="0.000"><failure message="requests.exceptions.MissingSchema: Invalid URL '/api/settings': No scheme supplied. Perhaps you meant https:///api/settings?">E   requests.exceptions.MissingSchema: Invalid URL '/api/settings': No scheme supplied. Perhaps you meant https:///api/settings?</failure></testcase><testcase classname="backend.tests.test_phase4_features.TestContentStructure" name="test_partner_bilingual_fields" time="0.000"><failure message="requests.exceptions.MissingSchema: Invalid URL '/api/partners': No scheme supplied. Perhaps you meant https:///api/partners?">E   requests.exceptions.MissingSchema: Invalid URL '/api/partners': No scheme supplied. Perhaps you meant https:///api/partners?</failure></testcase><testcase classname="backend.tests.test_phase4_features.TestContentStructure" name="test_about_page_bilingual_blocks" time="0.000"><failure message="requests.exceptions.MissingSchema: Invalid URL '/api/pages/about': No scheme supplied. Perhaps you meant https:///api/pages/about?">E   requests.exceptions.MissingSchema: Invalid URL '/api/pages/about': No scheme supplied. Perhaps you meant https:///api/pages/about?</failure></testcase><testcase classname="backend.tests.test_phase5_navvis_mediavis" name="test_get_settings_has_nav_visibility" time="0.152" /><testcase classname="backend.tests.test_phase5_navvis_mediavis" name="test_toggle_nav_visibility_ecosystem_off_then_on" time="1.226" /><testcase classname="backend.tests.test_phase5_navvis_mediavis" name="test_put_settings_requires_auth" time="0.148" /><testcase classname="backend.tests.test_phase5_navvis_mediavis" name="test_project_has_media_visible_field" time="0.153" /><testcase classname="backend.tests.test_phase5_navvis_mediavis" name="test_toggle_project_media_visible" time="0.764" /><testcase classname="backend.tests.test_phase5_navvis_mediavis" name="test_project_update_media_visible_requires_auth" time="0.178" /><testcase classname="backend.tests.test_phase6_tabvis_bulkhide_ml" name="test_get_project_has_tab_visibility_defaults" time="0.156" /><testcase classname="backend.tests.test_phase6_tabvis_bulkhide_ml" name="test_toggle_project_tab_visibility_design_off_then_restore" time="1.075" /><testcase classname="backend.tests.test_phase6_tabvis_bulkhide_ml" name="test_tab_visibility_update_requires_auth" time="0.162" /><testcase classname="backend.tests.test_phase6_tabvis_bulkhide_ml" name="test_hide_photoless_requires_auth" time="0.168" /><testcase classname="backend.tests.test_phase6_tabvis_bulkhide_ml" name="test_hide_photoless_with_temp_photoless_project" time="1.136" /><testcase classname="backend.tests.test_phase6_tabvis_bulkhide_ml" name="test_page_content_ml_persists" time="0.660" /><testcase classname="backend.tests.test_phase6_tabvis_bulkhide_ml" name="test_regression_media_visible_toggle" time="0.625" /><testcase classname="backend.tests.test_phase6_tabvis_bulkhide_ml" name="test_regression_nav_visibility_still_present" time="0.151" /><testcase classname="backend.tests.test_septa_api.TestHealth" name="test_health_endpoint" time="0.130" /><testcase classname="backend.tests.test_septa_api.TestHealth" name="test_root_endpoint" time="0.124" /><testcase classname="backend.tests.test_septa_api.TestAdminAuth" name="test_admin_login_success" time="0.180"><failure message="assert 429 == 200&#10; +  where 429 = &lt;Response [429]&gt;.status_code">E   assert 429 == 200
     +  where 429 = &lt;Response [429]&gt;.status_code</failure></testcase><testcase classname="backend.tests.test_septa_api.TestAdminAuth" name="test_admin_login_wrong_password" time="0.140"><failure message="assert 429 == 401&#10; +  where 429 = &lt;Response [429]&gt;.status_code">E   assert 429 == 401
     +  where 429 = &lt;Response [429]&gt;.status_code</failure></testcase><testcase classname="backend.tests.test_septa_api.TestAdminAuth" name="test_admin_login_wrong_email" time="0.147"><failure message="assert 429 == 401&#10; +  where 429 = &lt;Response [429]&gt;.status_code">E   assert 429 == 401
     +  where 429 = &lt;Response [429]&gt;.status_code</failure></testcase><testcase classname="backend.tests.test_septa_api.TestAdminAuth" name="test_admin_me_authenticated" time="0.485" /><testcase classname="backend.tests.test_septa_api.TestAdminAuth" name="test_admin_me_unauthenticated" time="0.150" /><testcase classname="backend.tests.test_septa_api.TestProjects" name="test_get_projects_returns_6" time="0.184" /><testcase classname="backend.tests.test_septa_api.TestProjects" name="test_get_projects_filter_by_type" time="0.175" /><testcase classname="backend.tests.test_septa_api.TestProjects" name="test_get_projects_filter_by_project_status" time="0.214" /><testcase classname="backend.tests.test_septa_api.TestProjects" name="test_get_project_by_slug" time="0.166" /><testcase classname="backend.tests.test_septa_api.TestProjects" name="test_get_project_not_found" time="0.180" /><testcase classname="backend.tests.test_septa_api.TestProjects" name="test_project_has_required_fields" time="0.124" /><testcase classname="backend.tests.test_septa_api.TestProjects" name="test_project_has_status_field" time="0.181" /><testcase classname="backend.tests.test_septa_api.TestPartners" name="test_get_partners_returns_13" time="0.164" /><testcase classname="backend.tests.test_septa_api.TestPartners" name="test_get_partners_filter_by_category" time="0.158" /><testcase classname="backend.tests.test_septa_api.TestPartners" name="test_get_partners_filter_by_featured" time="0.175" /><testcase classname="backend.tests.test_septa_api.TestPartners" name="test_get_partner_by_slug" time="0.168" /><testcase classname="backend.tests.test_septa_api.TestPartners" name="test_get_partner_not_found" time="0.120" /><testcase classname="backend.tests.test_septa_api.TestPartners" name="test_partner_has_bilingual_structure" time="0.154" /><testcase classname="backend.tests.test_septa_api.TestCategories" name="test_get_partner_categories" time="0.152"><failure message="AssertionError: assert 14 == 10&#10; +  where 14 = len(['Architecture &amp; Design', 'Structural Engineering', 'MEP Engineering', 'Quantity Surveying', 'Interiors &amp; Fit-out', 'Landscape &amp; Outdoor', ...])">E   AssertionError: assert 14 == 10
     +  where 14 = len(['Architecture &amp; Design', 'Structural Engineering', 'MEP Engineering', 'Quantity Surveying', 'Interiors &amp; Fit-out', 'Landscape &amp; Outdoor', ...])</failure></testcase><testcase classname="backend.tests.test_septa_api.TestCategories" name="test_get_project_categories" time="0.117" /><testcase classname="backend.tests.test_septa_api.TestLeads" name="test_create_lead_success" time="0.134" /><testcase classname="backend.tests.test_septa_api.TestLeads" name="test_create_lead_minimal" time="0.188" /><testcase classname="backend.tests.test_septa_api.TestLeads" name="test_create_lead_validation_name" time="0.167" /><testcase classname="backend.tests.test_septa_api.TestLeads" name="test_create_lead_validation_phone" time="0.171" /><testcase classname="backend.tests.test_septa_api.TestLeads" name="test_honeypot_protection" time="0.139" /><testcase classname="backend.tests.test_septa_api.TestLeads" name="test_get_leads_requires_auth" time="0.145" /><testcase classname="backend.tests.test_septa_api.TestLeads" name="test_get_leads_authenticated" time="0.155"><skipped type="pytest.skip" message="Admin authentication failed">/app/backend/tests/test_septa_api.py:323: Admin authentication failed</skipped></testcase><testcase classname="backend.tests.test_septa_api.TestTestimonials" name="test_get_testimonials_returns_3" time="0.157" /><testcase classname="backend.tests.test_septa_api.TestTestimonials" name="test_testimonial_structure" time="0.217" /><testcase classname="backend.tests.test_septa_api.TestExport" name="test_export_requires_auth" time="0.163" /><testcase classname="backend.tests.test_septa_api.TestExport" name="test_export_content_authenticated" time="0.148"><skipped type="pytest.skip" message="Admin authentication failed">/app/backend/tests/test_septa_api.py:370: Admin authentication failed</skipped></testcase><testcase classname="backend.tests.test_septa_api.TestAuditLogs" name="test_audit_logs_requires_auth" time="0.138" /><testcase classname="backend.tests.test_septa_api.TestAuditLogs" name="test_audit_logs_authenticated" time="0.112"><skipped type="pytest.skip" message="Admin authentication failed">/app/backend/tests/test_septa_api.py:395: Admin authentication failed</skipped><error message="failed on teardown with &quot;requests.exceptions.MissingSchema: Invalid URL '/api/admin/login': No scheme supplied. Perhaps you meant https:///api/admin/login?&quot;">E   requests.exceptions.MissingSchema: Invalid URL '/api/admin/login': No scheme supplied. Perhaps you meant https:///api/admin/login?</error></testcase></testsuite></testsuites>