<?xml version="1.0" encoding="utf-8"?><testsuites name="pytest tests"><testsuite name="pytest" errors="0" failures="0" skipped="0" tests="23" time="3.589" timestamp="2026-02-18T12:21:27.655079+00:00" hostname="agent-env-2c3f213e-69d7-47a2-8b6e-a7f30fcec47e"><testcase classname="backend.tests.test_phase2_features.TestHealthAndBasics" name="test_health_endpoint" time="0.245" /><testcase classname="backend.tests.test_phase2_features.TestHealthAndBasics" name="test_root_endpoint" time="0.104" /><testcase classname="backend.tests.test_phase2_features.TestSolutionPacks" name="test_get_solution_packs" time="0.113" /><testcase classname="backend.tests.test_phase2_features.TestSolutionPacks" name="test_solution_pack_structure" time="0.114" /><testcase classname="backend.tests.test_phase2_features.TestSolutionPacks" name="test_premium_home_pack" time="0.099" /><testcase classname="backend.tests.test_phase2_features.TestSolutionPacks" name="test_retail_launch_pack" time="0.101" /><testcase classname="backend.tests.test_phase2_features.TestSolutionPacks" name="test_institutional_excellence_pack" time="0.108" /><testcase classname="backend.tests.test_phase2_features.TestSolutionPacks" name="test_nonexistent_pack_returns_404" time="0.108" /><testcase classname="backend.tests.test_phase2_features.TestPartnerCategories" name="test_get_partner_categories" time="0.109" /><testcase classname="backend.tests.test_phase2_features.TestPartnerCategories" name="test_new_categories_present" time="0.105" /><testcase classname="backend.tests.test_phase2_features.TestPartnerCategories" name="test_all_expected_categories" time="0.103" /><testcase classname="backend.tests.test_phase2_features.TestAdminEndpoints" name="test_admin_login" time="0.368" /><testcase classname="backend.tests.test_phase2_features.TestAdminEndpoints" name="test_email_logs_endpoint" time="0.447" /><testcase classname="backend.tests.test_phase2_features.TestAdminEndpoints" name="test_email_logs_requires_auth" time="0.106" /><testcase classname="backend.tests.test_phase2_features.TestAdminEndpoints" name="test_storage_status_endpoint" time="0.434" /><testcase classname="backend.tests.test_phase2_features.TestAdminEndpoints" name="test_storage_status_requires_auth" time="0.108" /><testcase classname="backend.tests.test_phase2_features.TestLeadCreation" name="test_create_lead" time="0.102" /><testcase classname="backend.tests.test_phase2_features.TestLeadCreation" name="test_lead_validation_name_required" time="0.098" /><testcase classname="backend.tests.test_phase2_features.TestLeadCreation" name="test_lead_validation_phone_required" time="0.099" /><testcase classname="backend.tests.test_phase2_features.TestPartnersAPI" name="test_get_partners" time="0.099" /><testcase classname="backend.tests.test_phase2_features.TestPartnersAPI" name="test_partner_has_bilingual_fields" time="0.109" /><testcase classname="backend.tests.test_phase2_features.TestProjectsAPI" name="test_get_projects" time="0.106" /><testcase classname="backend.tests.test_phase2_features.TestProjectsAPI" name="test_project_categories" time="0.115" /></testsuite></testsuites>