<?xml version="1.0" encoding="utf-8"?><testsuites name="pytest tests"><testsuite name="pytest" errors="0" failures="0" skipped="0" tests="13" time="2.143" timestamp="2026-02-18T03:12:31.965076+00:00" hostname="agent-env-1718a4e3-074f-4cb3-b8ba-ae4428b49636"><testcase classname="backend.tests.test_septa_api.TestProjects" name="test_get_projects_returns_6" time="0.274" /><testcase classname="backend.tests.test_septa_api.TestProjects" name="test_get_projects_filter_by_type" time="0.155" /><testcase classname="backend.tests.test_septa_api.TestProjects" name="test_get_projects_filter_by_status" time="0.138" /><testcase classname="backend.tests.test_septa_api.TestProjects" name="test_get_project_by_slug" time="0.112" /><testcase classname="backend.tests.test_septa_api.TestProjects" name="test_get_project_not_found" time="0.343" /><testcase classname="backend.tests.test_septa_api.TestTestimonials" name="test_get_testimonials_returns_3" time="0.158" /><testcase classname="backend.tests.test_septa_api.TestTestimonials" name="test_testimonial_structure" time="0.111" /><testcase classname="backend.tests.test_septa_api.TestLeads" name="test_create_lead_success" time="0.178" /><testcase classname="backend.tests.test_septa_api.TestLeads" name="test_create_lead_minimal" time="0.148" /><testcase classname="backend.tests.test_septa_api.TestLeads" name="test_get_leads" time="0.117" /><testcase classname="backend.tests.test_septa_api.TestLeads" name="test_honeypot_protection" time="0.108" /><testcase classname="backend.tests.test_septa_api.TestAdminAuth" name="test_admin_auth_correct_password" time="0.114" /><testcase classname="backend.tests.test_septa_api.TestAdminAuth" name="test_admin_auth_wrong_password" time="0.117" /></testsuite></testsuites>