<?xml version="1.0" encoding="utf-8"?><testsuites name="pytest tests"><testsuite name="pytest" errors="0" failures="0" skipped="0" tests="23" time="7.291" timestamp="2026-02-18T13:55:38.644356+00:00" hostname="agent-env-5cc64dc7-f5a2-4299-a83e-36a1f28e6b2f"><testcase classname="backend.tests.test_phase4_features.TestHealthAndBasics" name="test_health_endpoint" time="0.241" /><testcase classname="backend.tests.test_phase4_features.TestHealthAndBasics" name="test_api_root" time="0.109" /><testcase classname="backend.tests.test_phase4_features.TestSiteSettings" name="test_get_settings_returns_all_fields" time="0.148" /><testcase classname="backend.tests.test_phase4_features.TestPageContent" name="test_get_about_page_content" time="0.130" /><testcase classname="backend.tests.test_phase4_features.TestPageContent" name="test_get_services_page_content" time="0.134" /><testcase classname="backend.tests.test_phase4_features.TestAdminAuth" name="test_admin_login_success" time="0.386" /><testcase classname="backend.tests.test_phase4_features.TestAdminAuth" name="test_admin_login_failure" time="0.357" /><testcase classname="backend.tests.test_phase4_features.TestSettingsUpdate" name="test_update_settings_requires_auth" time="0.130" /><testcase classname="backend.tests.test_phase4_features.TestSettingsUpdate" name="test_update_settings_with_auth" time="0.831" /><testcase classname="backend.tests.test_phase4_features.TestPartners" name="test_get_partners_list" time="0.114" /><testcase classname="backend.tests.test_phase4_features.TestPartners" name="test_get_partner_by_slug" time="0.281" /><testcase classname="backend.tests.test_phase4_features.TestPartners" name="test_partner_not_found" time="0.104" /><testcase classname="backend.tests.test_phase4_features.TestLeads" name="test_create_lead_with_new_fields" time="0.124" /><testcase classname="backend.tests.test_phase4_features.TestLeads" name="test_lead_honeypot_rejection" time="0.139" /><testcase classname="backend.tests.test_phase4_features.TestLeads" name="test_lead_rate_limiting" time="0.000" /><testcase classname="backend.tests.test_phase4_features.TestPartnerCategories" name="test_get_partner_categories" time="0.121" /><testcase classname="backend.tests.test_phase4_features.TestPartnerCategories" name="test_filter_partners_by_category" time="0.109" /><testcase classname="backend.tests.test_phase4_features.TestAdminEndpoints" name="test_get_leads_admin" time="0.462" /><testcase classname="backend.tests.test_phase4_features.TestAdminEndpoints" name="test_get_audit_logs" time="0.495" /><testcase classname="backend.tests.test_phase4_features.TestAdminEndpoints" name="test_export_content" time="0.463" /><testcase classname="backend.tests.test_phase4_features.TestLanguageMode" name="test_english_only_mode" time="0.112" /><testcase classname="backend.tests.test_phase4_features.TestContentStructure" name="test_partner_bilingual_fields" time="0.162" /><testcase classname="backend.tests.test_phase4_features.TestContentStructure" name="test_about_page_bilingual_blocks" time="2.042" /></testsuite></testsuites>