<?xml version="1.0" encoding="utf-8"?><testsuites name="pytest tests"><testsuite name="pytest" errors="0" failures="0" skipped="1" tests="16" time="3.650" timestamp="2026-02-18T12:45:50.790030+00:00" hostname="agent-env-5cc64dc7-f5a2-4299-a83e-36a1f28e6b2f"><testcase classname="backend.tests.test_phase3_features.TestBasicAPIs" name="test_api_health" time="0.150" /><testcase classname="backend.tests.test_phase3_features.TestBasicAPIs" name="test_get_projects" time="0.129" /><testcase classname="backend.tests.test_phase3_features.TestBasicAPIs" name="test_get_partners" time="0.154" /><testcase classname="backend.tests.test_phase3_features.TestProjectCaseStudyData" name="test_project_by_slug" time="0.114" /><testcase classname="backend.tests.test_phase3_features.TestProjectCaseStudyData" name="test_project_has_gallery_for_media_tab" time="0.134" /><testcase classname="backend.tests.test_phase3_features.TestProjectCaseStudyData" name="test_project_structure_for_tabs" time="0.111" /><testcase classname="backend.tests.test_phase3_features.TestAdminAuth" name="test_admin_login_success" time="0.390" /><testcase classname="backend.tests.test_phase3_features.TestAdminAuth" name="test_admin_login_invalid_credentials" time="0.331" /><testcase classname="backend.tests.test_phase3_features.TestAdminProjectsCRUD" name="test_get_all_projects_admin" time="0.466" /><testcase classname="backend.tests.test_phase3_features.TestAdminProjectsCRUD" name="test_get_leads_admin" time="0.547" /><testcase classname="backend.tests.test_phase3_features.TestAdminPartnersCRUD" name="test_get_all_partners_admin" time="0.437" /><testcase classname="backend.tests.test_phase3_features.TestExportAndSettings" name="test_export_content" time="0.113"><skipped type="pytest.skip" message="Admin auth failed">/app/backend/tests/test_phase3_features.py:186: Admin auth failed</skipped></testcase><testcase classname="backend.tests.test_phase3_features.TestSolutionPacks" name="test_get_solution_packs" time="0.104" /><testcase classname="backend.tests.test_phase3_features.TestPartnerCategories" name="test_get_partner_categories" time="0.109" /><testcase classname="backend.tests.test_phase3_features.TestContactForm" name="test_create_lead" time="0.131" /><testcase classname="backend.tests.test_phase3_features.TestBilingualData" name="test_partner_bilingual_name" time="0.137" /></testsuite></testsuites>